This is pdfTeX, Version 3.14159265-2.6-1.40.20 (MiKTeX 2.9.7200 64-bit) (preloaded format=pdflatex 2019.11.8)  12 DEC 2019 11:05
entering extended mode
**./acl2015.tex
(acl2015.tex
LaTeX2e <2019-10-01>
("C:\Users\lfy_1\AppData\Local\Programs\MiKTeX 2.9\tex/latex/base\article.cls"
Document Class: article 2019/08/27 v1.4j Standard LaTeX document class
("C:\Users\lfy_1\AppData\Local\Programs\MiKTeX 2.9\tex/latex/base\size11.clo"
File: size11.clo 2019/08/27 v1.4j Standard LaTeX file (size option)
)
\c@part=\count80
\c@section=\count81
\c@subsection=\count82
\c@subsubsection=\count83
\c@paragraph=\count84
\c@subparagraph=\count85
\c@figure=\count86
\c@table=\count87
\abovecaptionskip=\skip41
\belowcaptionskip=\skip42
\bibindent=\dimen102
) (acl2015.sty
Conference Style for ACL 2015 -- released December 7, 2014
\titlebox=\skip43
) ("C:\Users\lfy_1\AppData\Local\Programs\MiKTeX 2.9\tex/latex/psnfss\times.sty
"
Package: times 2005/04/12 PSNFSS-v9.2a (SPQR) 
) ("C:\Users\lfy_1\AppData\Local\Programs\MiKTeX 2.9\tex/latex/url\url.sty"
\Urlmuskip=\muskip10
Package: url 2013/09/16  ver 3.4  Verb mode for urls, etc.
)
("C:\Users\lfy_1\AppData\Local\Programs\MiKTeX 2.9\tex/latex/base\latexsym.sty"
Package: latexsym 1998/08/17 v2.2e Standard LaTeX package (lasy symbols)
\symlasy=\mathgroup4
LaTeX Font Info:    Overwriting symbol font `lasy' in version `bold'
(Font)                  U/lasy/m/n --> U/lasy/b/n on input line 52.
) (acl2015.aux)
\openout1 = `acl2015.aux'.

LaTeX Font Info:    Checking defaults for OML/cmm/m/it on input line 43.
LaTeX Font Info:    ... okay on input line 43.
LaTeX Font Info:    Checking defaults for T1/cmr/m/n on input line 43.
LaTeX Font Info:    ... okay on input line 43.
LaTeX Font Info:    Checking defaults for OT1/cmr/m/n on input line 43.
LaTeX Font Info:    ... okay on input line 43.
LaTeX Font Info:    Checking defaults for OMS/cmsy/m/n on input line 43.
LaTeX Font Info:    ... okay on input line 43.
LaTeX Font Info:    Checking defaults for OMX/cmex/m/n on input line 43.
LaTeX Font Info:    ... okay on input line 43.
LaTeX Font Info:    Checking defaults for U/cmr/m/n on input line 43.
LaTeX Font Info:    ... okay on input line 43.
LaTeX Font Info:    Trying to load font information for OT1+ptm on input line 4
3.

("C:\Users\lfy_1\AppData\Local\Programs\MiKTeX 2.9\tex/latex/psnfss\ot1ptm.fd"
File: ot1ptm.fd 2001/06/04 font definitions for OT1/ptm.
)
LaTeX Font Info:    Font shape `OT1/ptm/bx/n' in size <14.4> not available
(Font)              Font shape `OT1/ptm/b/n' tried instead on input line 44.
LaTeX Font Info:    External font `cmex10' loaded for size
(Font)              <12> on input line 44.
LaTeX Font Info:    External font `cmex10' loaded for size
(Font)              <8> on input line 44.
LaTeX Font Info:    External font `cmex10' loaded for size
(Font)              <6> on input line 44.
LaTeX Font Info:    Trying to load font information for U+lasy on input line 44
.
("C:\Users\lfy_1\AppData\Local\Programs\MiKTeX 2.9\tex/latex/base\ulasy.fd"
File: ulasy.fd 1998/08/17 v2.2e LaTeX symbol font definitions
)
LaTeX Font Info:    Font shape `OT1/ptm/bx/n' in size <12> not available
(Font)              Font shape `OT1/ptm/b/n' tried instead on input line 44.
LaTeX Font Info:    Trying to load font information for OT1+pcr on input line 4
4.

("C:\Users\lfy_1\AppData\Local\Programs\MiKTeX 2.9\tex/latex/psnfss\ot1pcr.fd"
File: ot1pcr.fd 2001/06/04 font definitions for OT1/pcr.
) [1{C:/Users/lfy_1/AppData/Local/MiKTeX/2.9/pdftex/config/pdftex.map}



]
(acl2015.aux) ) 
Here is how much of TeX's memory you used:
 475 strings out of 492452
 6707 string characters out of 3120064
 69744 words of memory out of 3000000
 4877 multiletter control sequences out of 15000+200000
 16629 words of font info for 41 fonts, out of 3000000 for 9000
 1141 hyphenation exceptions out of 8191
 23i,9n,22p,164b,258s stack positions out of 5000i,500n,10000p,200000b,50000s
{C:/Users/lfy_1/AppData/Local/Programs/MiKTeX 2.9/fonts/enc/dvip
s/base/8r.enc}<C:/Users/lfy_1/AppData/Local/Programs/MiKTeX 2.9/fonts/type1/urw
/courier/ucrr8a.pfb><C:/Users/lfy_1/AppData/Local/Programs/MiKTeX 2.9/fonts/typ
e1/urw/times/utmb8a.pfb><C:/Users/lfy_1/AppData/Local/Programs/MiKTeX 2.9/fonts
/type1/urw/times/utmr8a.pfb><C:/Users/lfy_1/AppData/Local/Programs/MiKTeX 2.9/f
onts/type1/urw/times/utmri8a.pfb>
Output written on acl2015.pdf (1 page, 52705 bytes).
PDF statistics:
 23 PDF objects out of 1000 (max. 8388607)
 0 named destinations out of 1000 (max. 500000)
 1 words of extra memory for PDF output out of 10000 (max. 10000000)

